<?xml version="1.0" encoding="UTF-8"?>
<!-- Generated by org.testng.reporters.JUnitReportReporter -->
<testsuite skipped="0" hostname="DESKTOP-SHJRQ9O" name="com.crm.qa.testcases.LoginPageTest" tests="3" failures="0" timestamp="12 Jul 2018 18:12:40 GMT" time="26.760" errors="0">
  <testcase name="loginPageTitleTest" time="7.343" classname="com.crm.qa.testcases.LoginPageTest"/>
  <testcase name="crmLogoImageTest" time="7.755" classname="com.crm.qa.testcases.LoginPageTest"/>
  <testcase name="loginTest" time="11.662" classname="com.crm.qa.testcases.LoginPageTest"/>
</testsuite> <!-- com.crm.qa.testcases.LoginPageTest -->
