<?xml version="1.0" encoding="UTF-8"?>
<!-- Generated by org.testng.reporters.JUnitReportReporter -->
<testsuite skipped="0" hostname="DESKTOP-SHJRQ9O" name="com.crm.qa.testcases.LoginPageTest" tests="3" failures="0" timestamp="17 Jul 2018 20:40:28 GMT" time="26.547" errors="0">
  <testcase name="loginPageTitleTest" time="7.404" classname="com.crm.qa.testcases.LoginPageTest"/>
  <testcase name="crmLogoImageTest" time="7.760" classname="com.crm.qa.testcases.LoginPageTest"/>
  <testcase name="loginTest" time="11.383" classname="com.crm.qa.testcases.LoginPageTest"/>
</testsuite> <!-- com.crm.qa.testcases.LoginPageTest -->
