<?xml version="1.0" encoding="UTF-8"?>
<!-- Generated by org.testng.reporters.JUnitReportReporter -->
<testsuite skipped="0" hostname="DESKTOP-SHJRQ9O" name="com.crm.qa.testcases.HomePageTest" tests="2" failures="0" timestamp="12 Jul 2018 18:12:40 GMT" time="26.023" errors="0">
  <testcase name="verifyHomePageTitleTest" time="13.573" classname="com.crm.qa.testcases.HomePageTest"/>
  <testcase name="verifyUserNameTest" time="12.450" classname="com.crm.qa.testcases.HomePageTest"/>
</testsuite> <!-- com.crm.qa.testcases.HomePageTest -->
