<?xml version="1.0" encoding="UTF-8"?>
<!-- Generated by org.testng.reporters.JUnitReportReporter -->
<testsuite skipped="0" hostname="DESKTOP-SHJRQ9O" name="com.crm.qa.testcases.HomePageTest" tests="1" failures="0" timestamp="12 Jul 2018 02:23:58 GMT" time="31.352" errors="0">
  <testcase name="verifyHomePageTitleTest" time="31.352" classname="com.crm.qa.testcases.HomePageTest"/>
</testsuite> <!-- com.crm.qa.testcases.HomePageTest -->
