<?xml version="1.0" encoding="UTF-8"?>
<!-- Generated by org.testng.reporters.JUnitReportReporter -->
<testsuite skipped="0" hostname="DESKTOP-SHJRQ9O" name="com.crm.qa.testcases.LoginPageTest" tests="3" failures="0" timestamp="09 Jul 2018 13:34:44 GMT" time="31.295" errors="0">
  <testcase name="loginPageTitleTest" time="8.143" classname="com.crm.qa.testcases.LoginPageTest"/>
  <testcase name="crmLogoImageTest" time="7.949" classname="com.crm.qa.testcases.LoginPageTest"/>
  <testcase name="loginTest" time="15.203" classname="com.crm.qa.testcases.LoginPageTest"/>
</testsuite> <!-- com.crm.qa.testcases.LoginPageTest -->
