<?xml version="1.0" encoding="UTF-8"?>
<!-- Generated by org.testng.reporters.JUnitReportReporter -->
<testsuite skipped="0" hostname="DESKTOP-SHJRQ9O" name="com.crm.qa.testcases.HomePageTest" tests="2" failures="0" timestamp="17 Jul 2018 20:40:28 GMT" time="26.995" errors="0">
  <testcase name="verifyHomePageTitleTest" time="15.636" classname="com.crm.qa.testcases.HomePageTest"/>
  <testcase name="verifyUserNameTest" time="11.359" classname="com.crm.qa.testcases.HomePageTest"/>
</testsuite> <!-- com.crm.qa.testcases.HomePageTest -->
